<?xml version="1.0" encoding="UTF-8"?>
<Site BuildName="Win32-mingw32-make"
	BuildStamp="20241103-0007-Experimental"
	Name="stefi"
	Generator="ctest-3.31.0-rc3"
	CompilerName="C:/msys64/ucrt64/bin/g++.exe"
	CompilerVersion="14.1.0"
	OSName="Windows"
	Hostname="stefi"
	OSRelease=" Professional"
	OSVersion=" (Build 22631)"
	OSPlatform="AMD64"
	Is64Bits="1"
	VendorString="GenuineIntel"
	VendorID="Intel Corporation"
	FamilyID="6"
	ModelID="5"
	ModelName=""
	ProcessorCacheSize="-1"
	NumberOfLogicalCPU="8"
	NumberOfPhysicalCPU="4"
	TotalVirtualMemory="20571"
	TotalPhysicalMemory="16219"
	LogicalProcessorsPerPhysical="2"
	ProcessorClockFrequency="2496"
	>
	<Testing>
		<StartDateTime>Nov 03 02:08 GTB Standard Time</StartDateTime>
		<StartTestTime>1730592522</StartTestTime>
		<TestList/>
		<EndDateTime>Nov 03 02:08 GTB Standard Time</EndDateTime>
		<EndTestTime>1730592522</EndTestTime>
		<ElapsedMinutes>0</ElapsedMinutes>
	</Testing>
</Site>
